==6041== Memcheck, a memory error detector
==6041== Copyright (C) 2002-2017, and GNU GPL'd, by Julian Seward et al.
==6041== Using Valgrind-3.13.0 and LibVEX; rerun with -h for copyright info
==6041== Command: ./Tabb_AhmadYousef_RWHEC_Jun2018_Project /home/atabb/DemoData/NSFDec2018/LabRobotFeb2018/CalibrationImagesFeb21/ /home/atabb/DemoData/NSFDec2018/LabRobotFeb2018/CalibrationResultDec2018/
==6041== 
Usage for calibration is function_name input_directory write_directory camcali_rwhec flag (no flag -- do both, flag == 0, do camera only camera calibration, flag == 1, do only rwhec). Full path is needed for robot_directory 
Last character compare /home/atabb/DemoData/NSFDec2018/LabRobotFeb2018/CalibrationImagesFeb21/ 1
Sorted order .... camera0
Sorted order .... camera1
Number of cameras 2
mkdir: cannot create directory ‘/home/atabb/DemoData/NSFDec2018/LabRobotFeb2018/CalibrationResultDec2018/camera_results0’: File exists
mkdir: cannot create directory ‘/home/atabb/DemoData/NSFDec2018/LabRobotFeb2018/CalibrationResultDec2018/camera_results1’: File exists
Current dir /home/atabb/DemoData/NSFDec2018/LabRobotFeb2018/CalibrationImagesFeb21/images/camera0
Sorted order .... image0_0.png
Sorted order .... image1_0.png
Sorted order .... image2_0.png
Sorted order .... image3_0.png
Sorted order .... image4_0.png
Sorted order .... image5_0.png
Sorted order .... image6_0.png
Sorted order .... image7_0.png
Sorted order .... image8_0.png
Sorted order .... image9_0.png
Sorted order .... image10_0.png
Sorted order .... image11_0.png
Sorted order .... image12_0.png
Sorted order .... image13_0.png
Sorted order .... image14_0.png
Sorted order .... image15_0.png
Sorted order .... image16_0.png
Sorted order .... image17_0.png
Sorted order .... image18_0.png
Sorted order .... image19_0.png
Sorted order .... image20_0.png
Sorted order .... image21_0.png
Sorted order .... image22_0.png
Sorted order .... image23_0.png
Sorted order .... image24_0.png
Sorted order .... image25_0.png
Sorted order .... image26_0.png
Sorted order .... image27_0.png
Sorted order .... image28_0.png
Sorted order .... image29_0.png
Sorted order .... image30_0.png
Sorted order .... image31_0.png
Sorted order .... image32_0.png
Sorted order .... image33_0.png
Sorted order .... image34_0.png
Sorted order .... image35_0.png
Sorted order .... image36_0.png
Sorted order .... image37_0.png
Sorted order .... image38_0.png
Sorted order .... image39_0.png
Sorted order .... image40_0.png
Sorted order .... image41_0.png
Sorted order .... image42_0.png
Sorted order .... image43_0.png
Sorted order .... image44_0.png
Sorted order .... image45_0.png
Sorted order .... image46_0.png
Sorted order .... image47_0.png
Sorted order .... image48_0.png
Sorted order .... image49_0.png
Sorted order .... image50_0.png
Sorted order .... image51_0.png
Sorted order .... image52_0.png
Sorted order .... image53_0.png
Sorted order .... image54_0.png
Sorted order .... image55_0.png
Sorted order .... image56_0.png
Sorted order .... image57_0.png
Sorted order .... image58_0.png
Sorted order .... image59_0.png
Sorted order .... image60_0.png
Sorted order .... image61_0.png
Sorted order .... image62_0.png
Sorted order .... image63_0.png
Sorted order .... image64_0.png
Sorted order .... image65_0.png
Sorted order .... image66_0.png
Sorted order .... image67_0.png
Sorted order .... image68_0.png
Sorted order .... image69_0.png
Sorted order .... image70_0.png
Sorted order .... image71_0.png
Sorted order .... image72_0.png
Sorted order .... image73_0.png
Sorted order .... image74_0.png
Sorted order .... image75_0.png
Sorted order .... image76_0.png
Image name image0_0.png
Reading filename .... /home/atabb/DemoData/NSFDec2018/LabRobotFeb2018/CalibrationImagesFeb21/images/camera0/image0_0.png
Image name image1_0.png
Reading filename .... /home/atabb/DemoData/NSFDec2018/LabRobotFeb2018/CalibrationImagesFeb21/images/camera0/image1_0.png
Image name image2_0.png
Reading filename .... /home/atabb/DemoData/NSFDec2018/LabRobotFeb2018/CalibrationImagesFeb21/images/camera0/image2_0.png
Image name image3_0.png
Reading filename .... /home/atabb/DemoData/NSFDec2018/LabRobotFeb2018/CalibrationImagesFeb21/images/camera0/image3_0.png
Image name image4_0.png
Reading filename .... /home/atabb/DemoData/NSFDec2018/LabRobotFeb2018/CalibrationImagesFeb21/images/camera0/image4_0.png
Image name image5_0.png
Reading filename .... /home/atabb/DemoData/NSFDec2018/LabRobotFeb2018/CalibrationImagesFeb21/images/camera0/image5_0.png
Image name image6_0.png
Reading filename .... /home/atabb/DemoData/NSFDec2018/LabRobotFeb2018/CalibrationImagesFeb21/images/camera0/image6_0.png
Image name image7_0.png
Reading filename .... /home/atabb/DemoData/NSFDec2018/LabRobotFeb2018/CalibrationImagesFeb21/images/camera0/image7_0.png
Image name image8_0.png
Reading filename .... /home/atabb/DemoData/NSFDec2018/LabRobotFeb2018/CalibrationImagesFeb21/images/camera0/image8_0.png
Image name image9_0.png
Reading filename .... /home/atabb/DemoData/NSFDec2018/LabRobotFeb2018/CalibrationImagesFeb21/images/camera0/image9_0.png
Image name image10_0.png
Reading filename .... /home/atabb/DemoData/NSFDec2018/LabRobotFeb2018/CalibrationImagesFeb21/images/camera0/image10_0.png
Image name image11_0.png
Reading filename .... /home/atabb/DemoData/NSFDec2018/LabRobotFeb2018/CalibrationImagesFeb21/images/camera0/image11_0.png
Image name image12_0.png
Reading filename .... /home/atabb/DemoData/NSFDec2018/LabRobotFeb2018/CalibrationImagesFeb21/images/camera0/image12_0.png
Image name image13_0.png
Reading filename .... /home/atabb/DemoData/NSFDec2018/LabRobotFeb2018/CalibrationImagesFeb21/images/camera0/image13_0.png
Image name image14_0.png
Reading filename .... /home/atabb/DemoData/NSFDec2018/LabRobotFeb2018/CalibrationImagesFeb21/images/camera0/image14_0.png
Image name image15_0.png
Reading filename .... /home/atabb/DemoData/NSFDec2018/LabRobotFeb2018/CalibrationImagesFeb21/images/camera0/image15_0.png
Image name image16_0.png
Reading filename .... /home/atabb/DemoData/NSFDec2018/LabRobotFeb2018/CalibrationImagesFeb21/images/camera0/image16_0.png
Image name image17_0.png
Reading filename .... /home/atabb/DemoData/NSFDec2018/LabRobotFeb2018/CalibrationImagesFeb21/images/camera0/image17_0.png
Image name image18_0.png
Reading filename .... /home/atabb/DemoData/NSFDec2018/LabRobotFeb2018/CalibrationImagesFeb21/images/camera0/image18_0.png
Image name image19_0.png
Reading filename .... /home/atabb/DemoData/NSFDec2018/LabRobotFeb2018/CalibrationImagesFeb21/images/camera0/image19_0.png
Image name image20_0.png
Reading filename .... /home/atabb/DemoData/NSFDec2018/LabRobotFeb2018/CalibrationImagesFeb21/images/camera0/image20_0.png
Image name image21_0.png
Reading filename .... /home/atabb/DemoData/NSFDec2018/LabRobotFeb2018/CalibrationImagesFeb21/images/camera0/image21_0.png
Image name image22_0.png
Reading filename .... /home/atabb/DemoData/NSFDec2018/LabRobotFeb2018/CalibrationImagesFeb21/images/camera0/image22_0.png
Image name image23_0.png
Reading filename .... /home/atabb/DemoData/NSFDec2018/LabRobotFeb2018/CalibrationImagesFeb21/images/camera0/image23_0.png
Image name image24_0.png
Reading filename .... /home/atabb/DemoData/NSFDec2018/LabRobotFeb2018/CalibrationImagesFeb21/images/camera0/image24_0.png
Image name image25_0.png
Reading filename .... /home/atabb/DemoData/NSFDec2018/LabRobotFeb2018/CalibrationImagesFeb21/images/camera0/image25_0.png
Image name image26_0.png
Reading filename .... /home/atabb/DemoData/NSFDec2018/LabRobotFeb2018/CalibrationImagesFeb21/images/camera0/image26_0.png
Image name image27_0.png
Reading filename .... /home/atabb/DemoData/NSFDec2018/LabRobotFeb2018/CalibrationImagesFeb21/images/camera0/image27_0.png
Image name image28_0.png
Reading filename .... /home/atabb/DemoData/NSFDec2018/LabRobotFeb2018/CalibrationImagesFeb21/images/camera0/image28_0.png
Image name image29_0.png
Reading filename .... /home/atabb/DemoData/NSFDec2018/LabRobotFeb2018/CalibrationImagesFeb21/images/camera0/image29_0.png
Image name image30_0.png
Reading filename .... /home/atabb/DemoData/NSFDec2018/LabRobotFeb2018/CalibrationImagesFeb21/images/camera0/image30_0.png
Image name image31_0.png
Reading filename .... /home/atabb/DemoData/NSFDec2018/LabRobotFeb2018/CalibrationImagesFeb21/images/camera0/image31_0.png
Image name image32_0.png
Reading filename .... /home/atabb/DemoData/NSFDec2018/LabRobotFeb2018/CalibrationImagesFeb21/images/camera0/image32_0.png
Image name image33_0.png
Reading filename .... /home/atabb/DemoData/NSFDec2018/LabRobotFeb2018/CalibrationImagesFeb21/images/camera0/image33_0.png
Image name image34_0.png
Reading filename .... /home/atabb/DemoData/NSFDec2018/LabRobotFeb2018/CalibrationImagesFeb21/images/camera0/image34_0.png
Image name image35_0.png
Reading filename .... /home/atabb/DemoData/NSFDec2018/LabRobotFeb2018/CalibrationImagesFeb21/images/camera0/image35_0.png
Image name image36_0.png
Reading filename .... /home/atabb/DemoData/NSFDec2018/LabRobotFeb2018/CalibrationImagesFeb21/images/camera0/image36_0.png
Image name image37_0.png
Reading filename .... /home/atabb/DemoData/NSFDec2018/LabRobotFeb2018/CalibrationImagesFeb21/images/camera0/image37_0.png
Image name image38_0.png
Reading filename .... /home/atabb/DemoData/NSFDec2018/LabRobotFeb2018/CalibrationImagesFeb21/images/camera0/image38_0.png
Image name image39_0.png
Reading filename .... /home/atabb/DemoData/NSFDec2018/LabRobotFeb2018/CalibrationImagesFeb21/images/camera0/image39_0.png
Image name image40_0.png
Reading filename .... /home/atabb/DemoData/NSFDec2018/LabRobotFeb2018/CalibrationImagesFeb21/images/camera0/image40_0.png
Image name image41_0.png
Reading filename .... /home/atabb/DemoData/NSFDec2018/LabRobotFeb2018/CalibrationImagesFeb21/images/camera0/image41_0.png
Image name image42_0.png
Reading filename .... /home/atabb/DemoData/NSFDec2018/LabRobotFeb2018/CalibrationImagesFeb21/images/camera0/image42_0.png
Image name image43_0.png
Reading filename .... /home/atabb/DemoData/NSFDec2018/LabRobotFeb2018/CalibrationImagesFeb21/images/camera0/image43_0.png
Image name image44_0.png
Reading filename .... /home/atabb/DemoData/NSFDec2018/LabRobotFeb2018/CalibrationImagesFeb21/images/camera0/image44_0.png
Image name image45_0.png
Reading filename .... /home/atabb/DemoData/NSFDec2018/LabRobotFeb2018/CalibrationImagesFeb21/images/camera0/image45_0.png
Image name image46_0.png
Reading filename .... /home/atabb/DemoData/NSFDec2018/LabRobotFeb2018/CalibrationImagesFeb21/images/camera0/image46_0.png
Image name image47_0.png
Reading filename .... /home/atabb/DemoData/NSFDec2018/LabRobotFeb2018/CalibrationImagesFeb21/images/camera0/image47_0.png
Image name image48_0.png
Reading filename .... /home/atabb/DemoData/NSFDec2018/LabRobotFeb2018/CalibrationImagesFeb21/images/camera0/image48_0.png
Image name image49_0.png
Reading filename .... /home/atabb/DemoData/NSFDec2018/LabRobotFeb2018/CalibrationImagesFeb21/images/camera0/image49_0.png
Image name image50_0.png
Reading filename .... /home/atabb/DemoData/NSFDec2018/LabRobotFeb2018/CalibrationImagesFeb21/images/camera0/image50_0.png
==6041== 
==6041== Process terminating with default action of signal 2 (SIGINT)
==6041==    at 0xB7B10E8: adler32_z (in /lib/x86_64-linux-gnu/libz.so.1.2.11)
==6041==    by 0xB7BB374: inflate (in /lib/x86_64-linux-gnu/libz.so.1.2.11)
==6041==    by 0xC17E2FC: ??? (in /usr/lib/x86_64-linux-gnu/libpng16.so.16.34.0)
==6041==    by 0xC170B12: png_read_row (in /usr/lib/x86_64-linux-gnu/libpng16.so.16.34.0)
==6041==    by 0xC172759: png_read_image (in /usr/lib/x86_64-linux-gnu/libpng16.so.16.34.0)
==6041==    by 0x8A2C7CE: cv::PngDecoder::readData(cv::Mat&) (in /usr/local/lib/libopencv_imgcodecs.so.4.0.0)
==6041==    by 0x8A0BE14: cv::imread_(std::__cxx11::basic_string<char, std::char_traits<char>, std::allocator<char> > const&, int, int, cv::Mat*) (in /usr/local/lib/libopencv_imgcodecs.so.4.0.0)
==6041==    by 0x8A0C414: cv::imread(std::__cxx11::basic_string<char, std::char_traits<char>, std::allocator<char> > const&, int) (in /usr/local/lib/libopencv_imgcodecs.so.4.0.0)
==6041==    by 0x2AE810: CaliObjectOpenCV2::ReadImages(std::__cxx11::basic_string<char, std::char_traits<char>, std::allocator<char> >, bool) (in /home/atabb/git/RWHEC-Tabb-AhmadYousef/build/Tabb_AhmadYousef_RWHEC_Jun2018_Project)
==6041==    by 0x2C608B: RobotWorldHandEyeCalibration(double, double, int, int, std::__cxx11::basic_string<char, std::char_traits<char>, std::allocator<char> >, std::__cxx11::basic_string<char, std::char_traits<char>, std::allocator<char> >, bool, bool, bool, bool) (in /home/atabb/git/RWHEC-Tabb-AhmadYousef/build/Tabb_AhmadYousef_RWHEC_Jun2018_Project)
==6041==    by 0x2C5792: main (in /home/atabb/git/RWHEC-Tabb-AhmadYousef/build/Tabb_AhmadYousef_RWHEC_Jun2018_Project)
==6041== 
==6041== HEAP SUMMARY:
==6041==     in use at exit: 352,653,481 bytes in 399 blocks
==6041==   total heap usage: 1,552 allocs, 1,153 frees, 357,373,302 bytes allocated
==6041== 
==6041== LEAK SUMMARY:
==6041==    definitely lost: 0 bytes in 0 blocks
==6041==    indirectly lost: 0 bytes in 0 blocks
==6041==      possibly lost: 0 bytes in 0 blocks
==6041==    still reachable: 352,653,481 bytes in 399 blocks
==6041==         suppressed: 0 bytes in 0 blocks
==6041== Reachable blocks (those to which a pointer was found) are not shown.
==6041== To see them, rerun with: --leak-check=full --show-leak-kinds=all
==6041== 
==6041== For counts of detected and suppressed errors, rerun with: -v
==6041== ERROR SUMMARY: 0 errors from 0 contexts (suppressed: 0 from 0)
