Determining if the pthread_create exist failed with the following output:
Change Dir: /home/atabb/git/RWHEC-Tabb-AhmadYousef/build/CMakeFiles/CMakeTmp

Run Build Command:"/usr/bin/make" "cmTC_82c15/fast"
/usr/bin/make -f CMakeFiles/cmTC_82c15.dir/build.make CMakeFiles/cmTC_82c15.dir/build
make[1]: Entering directory '/home/atabb/git/RWHEC-Tabb-AhmadYousef/build/CMakeFiles/CMakeTmp'
Building C object CMakeFiles/cmTC_82c15.dir/CheckSymbolExists.c.o
/usr/bin/cc     -o CMakeFiles/cmTC_82c15.dir/CheckSymbolExists.c.o   -c /home/atabb/git/RWHEC-Tabb-AhmadYousef/build/CMakeFiles/CMakeTmp/CheckSymbolExists.c
Linking C executable cmTC_82c15
/usr/bin/cmake -E cmake_link_script CMakeFiles/cmTC_82c15.dir/link.txt --verbose=1
/usr/bin/cc       CMakeFiles/cmTC_82c15.dir/CheckSymbolExists.c.o  -o cmTC_82c15 -rdynamic 
CMakeFiles/cmTC_82c15.dir/CheckSymbolExists.c.o: In function `main':
CheckSymbolExists.c:(.text+0x16): undefined reference to `pthread_create'
collect2: error: ld returned 1 exit status
CMakeFiles/cmTC_82c15.dir/build.make:97: recipe for target 'cmTC_82c15' failed
make[1]: *** [cmTC_82c15] Error 1
make[1]: Leaving directory '/home/atabb/git/RWHEC-Tabb-AhmadYousef/build/CMakeFiles/CMakeTmp'
Makefile:126: recipe for target 'cmTC_82c15/fast' failed
make: *** [cmTC_82c15/fast] Error 2

File /home/atabb/git/RWHEC-Tabb-AhmadYousef/build/CMakeFiles/CMakeTmp/CheckSymbolExists.c:
/* */
#include <pthread.h>

int main(int argc, char** argv)
{
  (void)argv;
#ifndef pthread_create
  return ((int*)(&pthread_create))[argc];
#else
  (void)argc;
  return 0;
#endif
}

Determining if the function pthread_create exists in the pthreads failed with the following output:
Change Dir: /home/atabb/git/RWHEC-Tabb-AhmadYousef/build/CMakeFiles/CMakeTmp

Run Build Command:"/usr/bin/make" "cmTC_8411c/fast"
/usr/bin/make -f CMakeFiles/cmTC_8411c.dir/build.make CMakeFiles/cmTC_8411c.dir/build
make[1]: Entering directory '/home/atabb/git/RWHEC-Tabb-AhmadYousef/build/CMakeFiles/CMakeTmp'
Building C object CMakeFiles/cmTC_8411c.dir/CheckFunctionExists.c.o
/usr/bin/cc    -DCHECK_FUNCTION_EXISTS=pthread_create   -o CMakeFiles/cmTC_8411c.dir/CheckFunctionExists.c.o   -c /usr/share/cmake-3.5/Modules/CheckFunctionExists.c
Linking C executable cmTC_8411c
/usr/bin/cmake -E cmake_link_script CMakeFiles/cmTC_8411c.dir/link.txt --verbose=1
/usr/bin/cc   -DCHECK_FUNCTION_EXISTS=pthread_create    CMakeFiles/cmTC_8411c.dir/CheckFunctionExists.c.o  -o cmTC_8411c -rdynamic -lpthreads 
/usr/bin/ld: cannot find -lpthreads
collect2: error: ld returned 1 exit status
CMakeFiles/cmTC_8411c.dir/build.make:97: recipe for target 'cmTC_8411c' failed
make[1]: *** [cmTC_8411c] Error 1
make[1]: Leaving directory '/home/atabb/git/RWHEC-Tabb-AhmadYousef/build/CMakeFiles/CMakeTmp'
Makefile:126: recipe for target 'cmTC_8411c/fast' failed
make: *** [cmTC_8411c/fast] Error 2


